<?xml version="1.0" encoding="UTF-8"?>
<!-- Generated by org.testng.reporters.JUnitReportReporter -->
<testsuite hostname="DESKTOP-1QBSVOI" failures="0" tests="1" name="com.nopcommerce.testCases.TC_AddCustomerTest_003" time="18.599" errors="0" timestamp="2022-02-22T10:35:28 PST" skipped="0">
  <testcase classname="com.nopcommerce.testCases.TC_AddCustomerTest_003" name="addNewCustomer" time="18.599"/>
  <system-out/>
</testsuite> <!-- com.nopcommerce.testCases.TC_AddCustomerTest_003 -->
